#
# A fatal error has been detected by the Java Runtime Environment:
#
#  EXCEPTION_ACCESS_VIOLATION (0xc0000005) at pc=0x6d0b6b30, pid=4280, tid=3800
#
# JRE version: 6.0_23-b05
# Java VM: Java HotSpot(TM) Client VM (19.0-b09 mixed mode windows-x86 )
# Problematic frame:
# C  [awt.dll+0xb6b30]
#
# If you would like to submit a bug report, please visit:
#   http://java.sun.com/webapps/bugreport/crash.jsp
# The crash happened outside the Java Virtual Machine in native code.
# See problematic frame for where to report the bug.
#

---------------  T H R E A D  ---------------

Current thread (0x27b9f800):  JavaThread "AWT-Windows" daemon [_thread_in_native, id=3800, stack(0x28490000,0x284e0000)]

siginfo: ExceptionCode=0xc0000005, reading address 0x00000000

Registers:
EAX=0x284df774, EBX=0x27ccd200, ECX=0x000002ac, EDX=0x00000180
ESP=0x284df75c, EBP=0x284df908, ESI=0x00000000, EDI=0x00000180
EIP=0x6d0b6b30, EFLAGS=0x00010202

Register to memory mapping:

EAX=0x284df774
0x284df774 is pointing into the stack for thread: 0x27b9f800
"AWT-Windows" daemon prio=6 tid=0x27b9f800 nid=0xed8 runnable [0x284df000]
   java.lang.Thread.State: RUNNABLE

EBX=0x27ccd200
0x27ccd200 is pointing to unknown location

ECX=0x000002ac
0x000002ac is pointing to unknown location

EDX=0x00000180
0x00000180 is pointing to unknown location

ESP=0x284df75c
0x284df75c is pointing into the stack for thread: 0x27b9f800
"AWT-Windows" daemon prio=6 tid=0x27b9f800 nid=0xed8 runnable [0x284df000]
   java.lang.Thread.State: RUNNABLE

EBP=0x284df908
0x284df908 is pointing into the stack for thread: 0x27b9f800
"AWT-Windows" daemon prio=6 tid=0x27b9f800 nid=0xed8 runnable [0x284df000]
   java.lang.Thread.State: RUNNABLE

ESI=0x00000000
0x00000000 is pointing to unknown location

EDI=0x00000180
0x00000180 is pointing to unknown location


Top of Stack: (sp=0x284df75c)
0x284df75c:   284df774 00001000 000001f9 27c45e28
0x284df76c:   0000010e 000001fe 27c45e28 6d0aed4b
0x284df77c:   00000000 27ca5568 27c45e28 27c45e28
0x284df78c:   284df76c 284df908 00000113 000001fe
0x284df79c:   27c45e28 6d0b271f 43ff0000 43898000
0x284df7ac:   000001fe 00000113 27ca5554 6d0b31e1
0x284df7bc:   6d0b367d 00000175 000000e9 000001f9
0x284df7cc:   0000010e 00009824 27b9f918 00000001 

Instructions: (pc=0x6d0b6b30)
0x6d0b6b20:   05 00 20 00 00 50 c1 e2 05 8d 44 24 14 50 8b fa
0x6d0b6b30:   8b 16 57 c1 e1 05 51 56 ff 52 2c 85 c0 0f 8c 93 


Stack: [0x28490000,0x284e0000],  sp=0x284df75c,  free space=317k
Native frames: (J=compiled Java code, j=interpreted, Vv=VM code, C=native code)
C  [awt.dll+0xb6b30]
C  [awt.dll+0x9c74c]
C  [USER32.dll+0x1c4e7]
C  [USER32.dll+0x1c5e7]
C  [USER32.dll+0x14f0e]
C  [USER32.dll+0x14f7d]
C  [ntdll.dll+0x4702e]
C  [USER32.dll+0x164a1]

Java frames: (J=compiled Java code, j=interpreted, Vv=VM code)
j  sun.awt.windows.WToolkit.eventLoop()V+0
j  sun.awt.windows.WToolkit.run()V+52
j  java.lang.Thread.run()V+11
v  ~StubRoutines::call_stub

---------------  P R O C E S S  ---------------

Java Threads: ( => current thread )
  0x27fb3800 JavaThread "Thread-16" [_thread_in_native, id=3680, stack(0x287d0000,0x28820000)]
  0x27fb2800 JavaThread "Tcl Isolation Thread" daemon [_thread_blocked, id=1408, stack(0x284e0000,0x28530000)]
  0x27fb2000 JavaThread "D3D Screen Updater" daemon [_thread_blocked, id=5476, stack(0x00170000,0x001c0000)]
  0x27f1a800 JavaThread "TimerQueue" daemon [_thread_blocked, id=3872, stack(0x2ae20000,0x2ae70000)]
  0x27c44400 JavaThread "AWT-EventQueue-0" [_thread_in_native, id=3440, stack(0x28a80000,0x28ad0000)]
  0x27ba5000 JavaThread "Command Watcher" daemon [_thread_blocked, id=4180, stack(0x289e0000,0x28a30000)]
=>0x27b9f800 JavaThread "AWT-Windows" daemon [_thread_in_native, id=3800, stack(0x28490000,0x284e0000)]
  0x27add800 JavaThread "AWT-Shutdown" [_thread_blocked, id=6088, stack(0x28440000,0x28490000)]
  0x27add000 JavaThread "Java2D Disposer" daemon [_thread_blocked, id=5652, stack(0x282e0000,0x28330000)]
  0x27222400 JavaThread "Low Memory Detector" daemon [_thread_blocked, id=4492, stack(0x27640000,0x27690000)]
  0x2721d800 JavaThread "CompilerThread0" daemon [_thread_blocked, id=4336, stack(0x275f0000,0x27640000)]
  0x2721c800 JavaThread "Attach Listener" daemon [_thread_blocked, id=5392, stack(0x274f0000,0x27540000)]
  0x27219800 JavaThread "Signal Dispatcher" daemon [_thread_blocked, id=2904, stack(0x274a0000,0x274f0000)]
  0x271e7000 JavaThread "Finalizer" daemon [_thread_blocked, id=2384, stack(0x273d0000,0x27420000)]
  0x271e5800 JavaThread "Reference Handler" daemon [_thread_blocked, id=6116, stack(0x27380000,0x273d0000)]
  0x00bfe800 JavaThread "main" [_thread_blocked, id=2212, stack(0x00b00000,0x00b50000)]

Other Threads:
  0x271e1800 VMThread [stack: 0x01b20000,0x01b70000] [id=5768]
  0x27234000 WatcherThread [stack: 0x27690000,0x276e0000] [id=1376]

VM state:not at safepoint (normal execution)

VM Mutex/Monitor currently owned by a thread: None

Heap
 def new generation   total 93632K, used 58792K [0x03bb0000, 0x0a140000, 0x0e250000)
  eden space 83264K,  69% used [0x03bb0000, 0x074231a8, 0x08d00000)
  from space 10368K,   9% used [0x09720000, 0x09816fb0, 0x0a140000)
  to   space 10368K,   0% used [0x08d00000, 0x08d00000, 0x09720000)
 tenured generation   total 207956K, used 179974K [0x0e250000, 0x1ad65000, 0x22fb0000)
   the space 207956K,  86% used [0x0e250000, 0x192118b0, 0x19211a00, 0x1ad65000)
 compacting perm gen  total 27648K, used 27645K [0x22fb0000, 0x24ab0000, 0x26fb0000)
   the space 27648K,  99% used [0x22fb0000, 0x24aaf618, 0x24aaf800, 0x24ab0000)
No shared spaces configured.

Dynamic libraries:
0x00400000 - 0x00424000 	C:\altera\13.0sp1\quartus\bin\jre\bin\java.exe
0x76dd0000 - 0x76f0c000 	C:\Windows\SYSTEM32\ntdll.dll
0x76c40000 - 0x76d14000 	C:\Windows\system32\kernel32.dll
0x75060000 - 0x750ab000 	C:\Windows\system32\KERNELBASE.dll
0x76ba0000 - 0x76c40000 	C:\Windows\system32\ADVAPI32.dll
0x76d20000 - 0x76dcc000 	C:\Windows\system32\msvcrt.dll
0x75100000 - 0x75119000 	C:\Windows\SYSTEM32\sechost.dll
0x75120000 - 0x751c2000 	C:\Windows\system32\RPCRT4.dll
0x7c340000 - 0x7c396000 	C:\altera\13.0sp1\quartus\bin\jre\bin\msvcr71.dll
0x6d7f0000 - 0x6da9c000 	C:\altera\13.0sp1\quartus\bin\jre\bin\client\jvm.dll
0x751d0000 - 0x75299000 	C:\Windows\system32\USER32.dll
0x75480000 - 0x754ce000 	C:\Windows\system32\GDI32.dll
0x750f0000 - 0x750fa000 	C:\Windows\system32\LPK.dll
0x76f60000 - 0x76ffd000 	C:\Windows\system32\USP10.dll
0x72990000 - 0x729c2000 	C:\Windows\system32\WINMM.dll
0x76f30000 - 0x76f4f000 	C:\Windows\system32\IMM32.DLL
0x76970000 - 0x76a3c000 	C:\Windows\system32\MSCTF.dll
0x74c90000 - 0x74cdc000 	C:\Windows\system32\apphelp.dll
0x6d700000 - 0x6d722000 	C:\altera\13.0sp1\quartus\bin\jre\bin\splashscreen.dll
0x73ba0000 - 0x73be0000 	C:\Windows\system32\uxtheme.dll
0x6d7a0000 - 0x6d7ac000 	C:\altera\13.0sp1\quartus\bin\jre\bin\verify.dll
0x6d320000 - 0x6d33f000 	C:\altera\13.0sp1\quartus\bin\jre\bin\java.dll
0x6d280000 - 0x6d288000 	C:\altera\13.0sp1\quartus\bin\jre\bin\hpi.dll
0x76f20000 - 0x76f25000 	C:\Windows\system32\PSAPI.DLL
0x6d7e0000 - 0x6d7ef000 	C:\altera\13.0sp1\quartus\bin\jre\bin\zip.dll
0x76a40000 - 0x76b9c000 	C:\Windows\system32\ole32.dll
0x74ce0000 - 0x74cec000 	C:\Windows\system32\CRYPTBASE.dll
0x6d000000 - 0x6d14a000 	C:\altera\13.0sp1\quartus\bin\jre\bin\awt.dll
0x70d70000 - 0x70dc1000 	C:\Windows\system32\WINSPOOL.DRV
0x73be0000 - 0x73d7e000 	C:\Windows\WinSxS\x86_microsoft.windows.common-controls_6595b64144ccf1df_6.0.7601.17514_none_41e6975e2bd6f2b2\COMCTL32.dll
0x76300000 - 0x76357000 	C:\Windows\system32\SHLWAPI.dll
0x726e0000 - 0x726f3000 	C:\Windows\system32\DWMAPI.DLL
0x754d0000 - 0x7611b000 	C:\Windows\system32\shell32.dll
0x6d230000 - 0x6d27f000 	C:\altera\13.0sp1\quartus\bin\jre\bin\fontmanager.dll
0x58830000 - 0x58835000 	C:\altera\13.0sp1\quartus\bin\sld_utiljni.dll
0x543a0000 - 0x5445f000 	C:\Windows\system32\MSVCR100.dll
0x6a810000 - 0x6a8f7000 	C:\altera\13.0sp1\quartus\bin\tcl85.dll
0x75440000 - 0x75475000 	C:\Windows\system32\WS2_32.dll
0x76f10000 - 0x76f16000 	C:\Windows\system32\NSI.dll
0x6ad60000 - 0x6adf7000 	C:\altera\13.0sp1\quartus\bin\ccl_sqlite3.dll
0x6e500000 - 0x6e50d000 	C:\altera\13.0sp1\quartus\bin\ccl_sqlite3_jdbc_jni_bridge.dll
0x6d600000 - 0x6d613000 	C:\altera\13.0sp1\quartus\bin\jre\bin\net.dll
0x747c0000 - 0x747fc000 	C:\Windows\system32\mswsock.dll
0x747b0000 - 0x747b6000 	C:\Windows\System32\wship6.dll
0x716a0000 - 0x716bc000 	C:\Windows\system32\iphlpapi.dll
0x716c0000 - 0x716c7000 	C:\Windows\system32\WINNSI.DLL
0x73500000 - 0x7350d000 	C:\Windows\system32\dhcpcsvc6.DLL
0x734e0000 - 0x734f2000 	C:\Windows\system32\dhcpcsvc.DLL
0x6a150000 - 0x6a313000 	C:\Windows\system32\d3d9.dll
0x74260000 - 0x74269000 	C:\Windows\system32\VERSION.dll
0x6f300000 - 0x6f306000 	C:\Windows\system32\d3d8thk.dll
0x72a00000 - 0x72ac3000 	C:\Windows\system32\aticfx32.dll
0x57580000 - 0x5758b000 	C:\Windows\system32\atiu9pag.dll
0x50500000 - 0x50a9d000 	C:\Windows\system32\atiumdag.dll
0x77bf0000 - 0x77ffb000 	C:\Windows\system32\atiumdva.dll
0x6d620000 - 0x6d629000 	C:\altera\13.0sp1\quartus\bin\jre\bin\nio.dll
0x76560000 - 0x765ef000 	C:\Windows\system32\OLEAUT32.DLL
0x74800000 - 0x74817000 	C:\Windows\system32\CRYPTSP.dll
0x745a0000 - 0x745db000 	C:\Windows\system32\rsaenh.dll
0x75040000 - 0x75057000 	C:\Windows\system32\USERENV.dll
0x74dd0000 - 0x74ddb000 	C:\Windows\system32\profapi.dll
0x718a0000 - 0x718b0000 	C:\Windows\system32\NLAapi.dll
0x71600000 - 0x71610000 	C:\Windows\system32\napinsp.dll
0x715e0000 - 0x715f2000 	C:\Windows\system32\pnrpnsp.dll
0x74680000 - 0x746c4000 	C:\Windows\system32\DNSAPI.dll
0x715d0000 - 0x715d8000 	C:\Windows\System32\winrnr.dll
0x63560000 - 0x63568000 	C:\Program Files\National Instruments\Shared\mDNS Responder\nimdnsNSP.dll
0x63550000 - 0x6355b000 	C:\Windows\system32\nimdnsResponder.dll
0x713a0000 - 0x71443000 	C:\Windows\WinSxS\x86_microsoft.vc90.crt_1fc8b3b9a1e18e3b_9.0.30729.5054_none_509208cabcb9216b\MSVCR90.dll
0x742f0000 - 0x742f5000 	C:\Windows\System32\wshtcpip.dll
0x71a10000 - 0x71a16000 	C:\Windows\system32\rasadhlp.dll
0x73520000 - 0x73558000 	C:\Windows\System32\fwpuclnt.dll
0x54510000 - 0x54516000 	C:\altera\13.0sp1\quartus\bin\tcl_jni_bridge.dll
0x6d1a0000 - 0x6d1c3000 	C:\altera\13.0sp1\quartus\bin\jre\bin\dcpr.dll

VM Arguments:
jvm_args: -Xmx500m -XX:+UseSerialGC 
java_command: com.altera.ipedit.QsysEditorApp C:/Users/nipuna1/Documents/EE109/nios_system/nios_system.qsys --host-controller
Launcher Type: SUN_STANDARD

Environment Variables:
PATH=C:/altera/13.0sp1/quartus/bin;c:\altera\13.0sp1\quartus\bin\;C:\Windows\system32;C:\Windows;C:\Windows\System32\Wbem;C:\Windows\System32\WindowsPowerShell\v1.0\;C:\Program Files\VanDyke Software\Clients\;C:\Program Files\MIT\Kerberos\bin;C:\Program Files\OpenAFS\Common;C:\Program Files\OpenAFS\Client\Program;C:\Program Files\MATLAB\R2010b\bin;C:\Program Files\IVI Foundation\IVI\bin;C:\Program Files\IVI Foundation\VISA\WinNT\Bin\;C:\Program Files\IVI Foundation\VISA\WinNT\Bin;C:\PROGRA~1\IVIFOU~1\VISA\WinNT\Bin
USERNAME=nipuna1
OS=Windows_NT
PROCESSOR_IDENTIFIER=x86 Family 6 Model 15 Stepping 11, GenuineIntel



---------------  S Y S T E M  ---------------

OS: Windows 7 Build 7601 Service Pack 1

CPU:total 2 (2 cores per cpu, 1 threads per core) family 6 model 15 stepping 11, cmov, cx8, fxsr, mmx, sse, sse2, sse3, ssse3

Memory: 4k page, physical 3405424k(1348700k free), swap 6809100k(4227684k free)

vm_info: Java HotSpot(TM) Client VM (19.0-b09) for windows-x86 JRE (1.6.0_23-b05), built on Nov 12 2010 15:00:43 by "java_re" with MS VC++ 7.1 (VS2003)

time: Fri May 15 20:39:32 2015
elapsed time: 424 seconds

