Flow report for VideoConferencing_System
Sun May 24 23:49:04 2015
Quartus II 32-bit Version 13.0.1 Build 232 06/12/2013 Service Pack 1 SJ Web Edition


---------------------
; Table of Contents ;
---------------------
  1. Legal Notice
  2. Flow Summary
  3. Flow Settings
  4. Flow Non-Default Global Settings
  5. Flow Elapsed Time
  6. Flow OS Summary
  7. Flow Log
  8. Flow Messages
  9. Flow Suppressed Messages



----------------
; Legal Notice ;
----------------
Copyright (C) 1991-2013 Altera Corporation
Your use of Altera Corporation's design tools, logic functions 
and other software and tools, and its AMPP partner logic 
functions, and any output files from any of the foregoing 
(including device programming or simulation files), and any 
associated documentation or information are expressly subject 
to the terms and conditions of the Altera Program License 
Subscription Agreement, Altera MegaCore Function License 
Agreement, or other applicable license agreement, including, 
without limitation, that your use is for the sole purpose of 
programming logic devices manufactured by Altera and sold by 
Altera or its authorized distributors.  Please refer to the 
applicable agreement for further details.



+--------------------------------------------------------------------------------------+
; Flow Summary                                                                         ;
+------------------------------------+-------------------------------------------------+
; Flow Status                        ; Successful - Sun May 24 23:48:38 2015           ;
; Quartus II 32-bit Version          ; 13.0.1 Build 232 06/12/2013 SP 1 SJ Web Edition ;
; Revision Name                      ; VideoConferencing_System                        ;
; Top-level Entity Name              ; VideoConferencing_System                        ;
; Family                             ; Cyclone IV E                                    ;
; Device                             ; EP4CE115F29C7                                   ;
; Timing Models                      ; Final                                           ;
; Total logic elements               ; 22,998 / 114,480 ( 20 % )                       ;
;     Total combinational functions  ; 19,426 / 114,480 ( 17 % )                       ;
;     Dedicated logic registers      ; 15,454 / 114,480 ( 13 % )                       ;
; Total registers                    ; 15585                                           ;
; Total pins                         ; 453 / 529 ( 86 % )                              ;
; Total virtual pins                 ; 0                                               ;
; Total memory bits                  ; 361,369 / 3,981,312 ( 9 % )                     ;
; Embedded Multiplier 9-bit elements ; 21 / 532 ( 4 % )                                ;
; Total PLLs                         ; 3 / 4 ( 75 % )                                  ;
+------------------------------------+-------------------------------------------------+


+----------------------------------------------+
; Flow Settings                                ;
+-------------------+--------------------------+
; Option            ; Setting                  ;
+-------------------+--------------------------+
; Start date & time ; 05/24/2015 23:41:08      ;
; Main task         ; Compilation              ;
; Revision Name     ; VideoConferencing_System ;
+-------------------+--------------------------+


+-------------------------------------------------------------------------------------------------------------------------------------------------------------------------------------------------+
; Flow Non-Default Global Settings                                                                                                                                                                ;
+-------------------------------------+---------------------------------------------------------------+---------------+----------------------------------------------------------+----------------+
; Assignment Name                     ; Value                                                         ; Default Value ; Entity Name                                              ; Section Id     ;
+-------------------------------------+---------------------------------------------------------------+---------------+----------------------------------------------------------+----------------+
; COMPILER_SIGNATURE_ID               ; 116527531538.143253606805064                                  ; --            ; --                                                       ; --             ;
; EDA_OUTPUT_DATA_FORMAT              ; None                                                          ; --            ; --                                                       ; eda_simulation ;
; IP_TOOL_ENV                         ; Qsys                                                          ; --            ; altera_avalon_sc_fifo                                    ; --             ;
; IP_TOOL_ENV                         ; Qsys                                                          ; --            ; altera_customins_master_translator                       ; --             ;
; IP_TOOL_ENV                         ; Qsys                                                          ; --            ; altera_customins_slave_translator                        ; --             ;
; IP_TOOL_ENV                         ; Qsys                                                          ; --            ; altera_eth_tse_mac                                       ; --             ;
; IP_TOOL_ENV                         ; Qsys                                                          ; --            ; altera_merlin_burst_adapter                              ; --             ;
; IP_TOOL_ENV                         ; Qsys                                                          ; --            ; altera_merlin_master_agent                               ; --             ;
; IP_TOOL_ENV                         ; Qsys                                                          ; --            ; altera_merlin_master_translator                          ; --             ;
; IP_TOOL_ENV                         ; Qsys                                                          ; --            ; altera_merlin_slave_agent                                ; --             ;
; IP_TOOL_ENV                         ; Qsys                                                          ; --            ; altera_merlin_slave_translator                           ; --             ;
; IP_TOOL_ENV                         ; Qsys                                                          ; --            ; altera_merlin_traffic_limiter                            ; --             ;
; IP_TOOL_ENV                         ; Qsys                                                          ; --            ; altera_merlin_width_adapter                              ; --             ;
; IP_TOOL_ENV                         ; Qsys                                                          ; --            ; altera_reset_controller                                  ; --             ;
; IP_TOOL_ENV                         ; Qsys                                                          ; --            ; fpoint_wrapper                                           ; --             ;
; IP_TOOL_ENV                         ; Qsys                                                          ; --            ; nios_system                                              ; --             ;
; IP_TOOL_ENV                         ; Qsys                                                          ; --            ; nios_system_CPU                                          ; --             ;
; IP_TOOL_ENV                         ; Qsys                                                          ; --            ; nios_system_CPU_custom_instruction_master_multi_xconnect ; --             ;
; IP_TOOL_ENV                         ; Qsys                                                          ; --            ; nios_system_Interval_Timer                               ; --             ;
; IP_TOOL_ENV                         ; Qsys                                                          ; --            ; nios_system_JTAG_UART                                    ; --             ;
; IP_TOOL_ENV                         ; Qsys                                                          ; --            ; nios_system_SDRAM                                        ; --             ;
; IP_TOOL_ENV                         ; Qsys                                                          ; --            ; nios_system_addr_router                                  ; --             ;
; IP_TOOL_ENV                         ; Qsys                                                          ; --            ; nios_system_addr_router_001                              ; --             ;
; IP_TOOL_ENV                         ; Qsys                                                          ; --            ; nios_system_addr_router_002                              ; --             ;
; IP_TOOL_ENV                         ; Qsys                                                          ; --            ; nios_system_addr_router_003                              ; --             ;
; IP_TOOL_ENV                         ; Qsys                                                          ; --            ; nios_system_addr_router_008                              ; --             ;
; IP_TOOL_ENV                         ; Qsys                                                          ; --            ; nios_system_avalon_st_adapter                            ; --             ;
; IP_TOOL_ENV                         ; Qsys                                                          ; --            ; nios_system_avalon_st_adapter_001                        ; --             ;
; IP_TOOL_ENV                         ; Qsys                                                          ; --            ; nios_system_avalon_st_adapter_001_channel_adapter_0      ; --             ;
; IP_TOOL_ENV                         ; Qsys                                                          ; --            ; nios_system_avalon_st_adapter_001_data_format_adapter_0  ; --             ;
; IP_TOOL_ENV                         ; Qsys                                                          ; --            ; nios_system_avalon_st_adapter_001_timing_adapter_0       ; --             ;
; IP_TOOL_ENV                         ; Qsys                                                          ; --            ; nios_system_avalon_st_adapter_channel_adapter_0          ; --             ;
; IP_TOOL_ENV                         ; Qsys                                                          ; --            ; nios_system_avalon_st_adapter_data_format_adapter_0      ; --             ;
; IP_TOOL_ENV                         ; Qsys                                                          ; --            ; nios_system_avalon_st_adapter_error_adapter_0            ; --             ;
; IP_TOOL_ENV                         ; Qsys                                                          ; --            ; nios_system_cmd_xbar_demux                               ; --             ;
; IP_TOOL_ENV                         ; Qsys                                                          ; --            ; nios_system_cmd_xbar_demux_001                           ; --             ;
; IP_TOOL_ENV                         ; Qsys                                                          ; --            ; nios_system_cmd_xbar_demux_002                           ; --             ;
; IP_TOOL_ENV                         ; Qsys                                                          ; --            ; nios_system_cmd_xbar_demux_003                           ; --             ;
; IP_TOOL_ENV                         ; Qsys                                                          ; --            ; nios_system_cmd_xbar_mux                                 ; --             ;
; IP_TOOL_ENV                         ; Qsys                                                          ; --            ; nios_system_cmd_xbar_mux_001                             ; --             ;
; IP_TOOL_ENV                         ; Qsys                                                          ; --            ; nios_system_cmd_xbar_mux_015                             ; --             ;
; IP_TOOL_ENV                         ; Qsys                                                          ; --            ; nios_system_descriptor_memory                            ; --             ;
; IP_TOOL_ENV                         ; Qsys                                                          ; --            ; nios_system_enet                                         ; --             ;
; IP_TOOL_ENV                         ; Qsys                                                          ; --            ; nios_system_id_router                                    ; --             ;
; IP_TOOL_ENV                         ; Qsys                                                          ; --            ; nios_system_id_router_001                                ; --             ;
; IP_TOOL_ENV                         ; Qsys                                                          ; --            ; nios_system_id_router_002                                ; --             ;
; IP_TOOL_ENV                         ; Qsys                                                          ; --            ; nios_system_id_router_013                                ; --             ;
; IP_TOOL_ENV                         ; Qsys                                                          ; --            ; nios_system_id_router_015                                ; --             ;
; IP_TOOL_ENV                         ; Qsys                                                          ; --            ; nios_system_id_router_020                                ; --             ;
; IP_TOOL_ENV                         ; Qsys                                                          ; --            ; nios_system_irq_mapper                                   ; --             ;
; IP_TOOL_ENV                         ; Qsys                                                          ; --            ; nios_system_packet_memory                                ; --             ;
; IP_TOOL_ENV                         ; Qsys                                                          ; --            ; nios_system_rsp_xbar_demux                               ; --             ;
; IP_TOOL_ENV                         ; Qsys                                                          ; --            ; nios_system_rsp_xbar_demux_001                           ; --             ;
; IP_TOOL_ENV                         ; Qsys                                                          ; --            ; nios_system_rsp_xbar_demux_013                           ; --             ;
; IP_TOOL_ENV                         ; Qsys                                                          ; --            ; nios_system_rsp_xbar_demux_015                           ; --             ;
; IP_TOOL_ENV                         ; Qsys                                                          ; --            ; nios_system_rsp_xbar_mux                                 ; --             ;
; IP_TOOL_ENV                         ; Qsys                                                          ; --            ; nios_system_rsp_xbar_mux_001                             ; --             ;
; IP_TOOL_ENV                         ; Qsys                                                          ; --            ; nios_system_sysid                                        ; --             ;
; IP_TOOL_NAME                        ; ALTPLL                                                        ; --            ; --                                                       ; --             ;
; IP_TOOL_NAME                        ; ALTDDIO_OUT                                                   ; --            ; --                                                       ; --             ;
; IP_TOOL_NAME                        ; altera_avalon_sc_fifo                                         ; --            ; altera_avalon_sc_fifo                                    ; --             ;
; IP_TOOL_NAME                        ; altera_customins_master_translator                            ; --            ; altera_customins_master_translator                       ; --             ;
; IP_TOOL_NAME                        ; altera_customins_slave_translator                             ; --            ; altera_customins_slave_translator                        ; --             ;
; IP_TOOL_NAME                        ; altera_eth_tse_mac                                            ; --            ; altera_eth_tse_mac                                       ; --             ;
; IP_TOOL_NAME                        ; altera_merlin_burst_adapter                                   ; --            ; altera_merlin_burst_adapter                              ; --             ;
; IP_TOOL_NAME                        ; altera_merlin_master_agent                                    ; --            ; altera_merlin_master_agent                               ; --             ;
; IP_TOOL_NAME                        ; altera_merlin_master_translator                               ; --            ; altera_merlin_master_translator                          ; --             ;
; IP_TOOL_NAME                        ; altera_merlin_slave_agent                                     ; --            ; altera_merlin_slave_agent                                ; --             ;
; IP_TOOL_NAME                        ; altera_merlin_slave_translator                                ; --            ; altera_merlin_slave_translator                           ; --             ;
; IP_TOOL_NAME                        ; altera_merlin_traffic_limiter                                 ; --            ; altera_merlin_traffic_limiter                            ; --             ;
; IP_TOOL_NAME                        ; altera_merlin_width_adapter                                   ; --            ; altera_merlin_width_adapter                              ; --             ;
; IP_TOOL_NAME                        ; altera_reset_controller                                       ; --            ; altera_reset_controller                                  ; --             ;
; IP_TOOL_NAME                        ; altera_nios_custom_instr_floating_point                       ; --            ; fpoint_wrapper                                           ; --             ;
; IP_TOOL_NAME                        ; Qsys                                                          ; --            ; nios_system                                              ; --             ;
; IP_TOOL_NAME                        ; altera_nios2_qsys                                             ; --            ; nios_system_CPU                                          ; --             ;
; IP_TOOL_NAME                        ; altera_customins_xconnect                                     ; --            ; nios_system_CPU_custom_instruction_master_multi_xconnect ; --             ;
; IP_TOOL_NAME                        ; altera_avalon_timer                                           ; --            ; nios_system_Interval_Timer                               ; --             ;
; IP_TOOL_NAME                        ; altera_avalon_jtag_uart                                       ; --            ; nios_system_JTAG_UART                                    ; --             ;
; IP_TOOL_NAME                        ; altera_avalon_new_sdram_controller                            ; --            ; nios_system_SDRAM                                        ; --             ;
; IP_TOOL_NAME                        ; altera_merlin_router                                          ; --            ; nios_system_addr_router                                  ; --             ;
; IP_TOOL_NAME                        ; altera_merlin_router                                          ; --            ; nios_system_addr_router_001                              ; --             ;
; IP_TOOL_NAME                        ; altera_merlin_router                                          ; --            ; nios_system_addr_router_002                              ; --             ;
; IP_TOOL_NAME                        ; altera_merlin_router                                          ; --            ; nios_system_addr_router_003                              ; --             ;
; IP_TOOL_NAME                        ; altera_merlin_router                                          ; --            ; nios_system_addr_router_008                              ; --             ;
; IP_TOOL_NAME                        ; altera_avalon_st_adapter                                      ; --            ; nios_system_avalon_st_adapter                            ; --             ;
; IP_TOOL_NAME                        ; altera_avalon_st_adapter                                      ; --            ; nios_system_avalon_st_adapter_001                        ; --             ;
; IP_TOOL_NAME                        ; channel_adapter                                               ; --            ; nios_system_avalon_st_adapter_001_channel_adapter_0      ; --             ;
; IP_TOOL_NAME                        ; data_format_adapter                                           ; --            ; nios_system_avalon_st_adapter_001_data_format_adapter_0  ; --             ;
; IP_TOOL_NAME                        ; timing_adapter                                                ; --            ; nios_system_avalon_st_adapter_001_timing_adapter_0       ; --             ;
; IP_TOOL_NAME                        ; channel_adapter                                               ; --            ; nios_system_avalon_st_adapter_channel_adapter_0          ; --             ;
; IP_TOOL_NAME                        ; data_format_adapter                                           ; --            ; nios_system_avalon_st_adapter_data_format_adapter_0      ; --             ;
; IP_TOOL_NAME                        ; error_adapter                                                 ; --            ; nios_system_avalon_st_adapter_error_adapter_0            ; --             ;
; IP_TOOL_NAME                        ; altera_merlin_demultiplexer                                   ; --            ; nios_system_cmd_xbar_demux                               ; --             ;
; IP_TOOL_NAME                        ; altera_merlin_demultiplexer                                   ; --            ; nios_system_cmd_xbar_demux_001                           ; --             ;
; IP_TOOL_NAME                        ; altera_merlin_demultiplexer                                   ; --            ; nios_system_cmd_xbar_demux_002                           ; --             ;
; IP_TOOL_NAME                        ; altera_merlin_demultiplexer                                   ; --            ; nios_system_cmd_xbar_demux_003                           ; --             ;
; IP_TOOL_NAME                        ; altera_merlin_multiplexer                                     ; --            ; nios_system_cmd_xbar_mux                                 ; --             ;
; IP_TOOL_NAME                        ; altera_merlin_multiplexer                                     ; --            ; nios_system_cmd_xbar_mux_001                             ; --             ;
; IP_TOOL_NAME                        ; altera_merlin_multiplexer                                     ; --            ; nios_system_cmd_xbar_mux_015                             ; --             ;
; IP_TOOL_NAME                        ; altera_avalon_onchip_memory2                                  ; --            ; nios_system_descriptor_memory                            ; --             ;
; IP_TOOL_NAME                        ; altera_eth_tse                                                ; --            ; nios_system_enet                                         ; --             ;
; IP_TOOL_NAME                        ; altera_merlin_router                                          ; --            ; nios_system_id_router                                    ; --             ;
; IP_TOOL_NAME                        ; altera_merlin_router                                          ; --            ; nios_system_id_router_001                                ; --             ;
; IP_TOOL_NAME                        ; altera_merlin_router                                          ; --            ; nios_system_id_router_002                                ; --             ;
; IP_TOOL_NAME                        ; altera_merlin_router                                          ; --            ; nios_system_id_router_013                                ; --             ;
; IP_TOOL_NAME                        ; altera_merlin_router                                          ; --            ; nios_system_id_router_015                                ; --             ;
; IP_TOOL_NAME                        ; altera_merlin_router                                          ; --            ; nios_system_id_router_020                                ; --             ;
; IP_TOOL_NAME                        ; altera_irq_mapper                                             ; --            ; nios_system_irq_mapper                                   ; --             ;
; IP_TOOL_NAME                        ; altera_avalon_onchip_memory2                                  ; --            ; nios_system_packet_memory                                ; --             ;
; IP_TOOL_NAME                        ; altera_merlin_demultiplexer                                   ; --            ; nios_system_rsp_xbar_demux                               ; --             ;
; IP_TOOL_NAME                        ; altera_merlin_demultiplexer                                   ; --            ; nios_system_rsp_xbar_demux_001                           ; --             ;
; IP_TOOL_NAME                        ; altera_merlin_demultiplexer                                   ; --            ; nios_system_rsp_xbar_demux_013                           ; --             ;
; IP_TOOL_NAME                        ; altera_merlin_demultiplexer                                   ; --            ; nios_system_rsp_xbar_demux_015                           ; --             ;
; IP_TOOL_NAME                        ; altera_merlin_multiplexer                                     ; --            ; nios_system_rsp_xbar_mux                                 ; --             ;
; IP_TOOL_NAME                        ; altera_merlin_multiplexer                                     ; --            ; nios_system_rsp_xbar_mux_001                             ; --             ;
; IP_TOOL_NAME                        ; altera_avalon_sysid_qsys                                      ; --            ; nios_system_sysid                                        ; --             ;
; IP_TOOL_VERSION                     ; 13.0                                                          ; --            ; --                                                       ; --             ;
; IP_TOOL_VERSION                     ; 13.0                                                          ; --            ; --                                                       ; --             ;
; IP_TOOL_VERSION                     ; 13.0                                                          ; --            ; altera_avalon_sc_fifo                                    ; --             ;
; IP_TOOL_VERSION                     ; 13.0                                                          ; --            ; altera_customins_master_translator                       ; --             ;
; IP_TOOL_VERSION                     ; 13.0                                                          ; --            ; altera_customins_slave_translator                        ; --             ;
; IP_TOOL_VERSION                     ; 13.0                                                          ; --            ; altera_eth_tse_mac                                       ; --             ;
; IP_TOOL_VERSION                     ; 13.0                                                          ; --            ; altera_merlin_burst_adapter                              ; --             ;
; IP_TOOL_VERSION                     ; 13.0                                                          ; --            ; altera_merlin_master_agent                               ; --             ;
; IP_TOOL_VERSION                     ; 13.0                                                          ; --            ; altera_merlin_master_translator                          ; --             ;
; IP_TOOL_VERSION                     ; 13.0                                                          ; --            ; altera_merlin_slave_agent                                ; --             ;
; IP_TOOL_VERSION                     ; 13.0                                                          ; --            ; altera_merlin_slave_translator                           ; --             ;
; IP_TOOL_VERSION                     ; 13.0                                                          ; --            ; altera_merlin_traffic_limiter                            ; --             ;
; IP_TOOL_VERSION                     ; 13.0                                                          ; --            ; altera_merlin_width_adapter                              ; --             ;
; IP_TOOL_VERSION                     ; 13.0                                                          ; --            ; altera_reset_controller                                  ; --             ;
; IP_TOOL_VERSION                     ; 13.0                                                          ; --            ; fpoint_wrapper                                           ; --             ;
; IP_TOOL_VERSION                     ; 13.0sp1                                                       ; --            ; nios_system                                              ; --             ;
; IP_TOOL_VERSION                     ; 13.0                                                          ; --            ; nios_system_CPU                                          ; --             ;
; IP_TOOL_VERSION                     ; 13.0                                                          ; --            ; nios_system_CPU_custom_instruction_master_multi_xconnect ; --             ;
; IP_TOOL_VERSION                     ; 13.0.1.99.2                                                   ; --            ; nios_system_Interval_Timer                               ; --             ;
; IP_TOOL_VERSION                     ; 13.0.1.99.2                                                   ; --            ; nios_system_JTAG_UART                                    ; --             ;
; IP_TOOL_VERSION                     ; 13.0.1.99.2                                                   ; --            ; nios_system_SDRAM                                        ; --             ;
; IP_TOOL_VERSION                     ; 13.0                                                          ; --            ; nios_system_addr_router                                  ; --             ;
; IP_TOOL_VERSION                     ; 13.0                                                          ; --            ; nios_system_addr_router_001                              ; --             ;
; IP_TOOL_VERSION                     ; 13.0                                                          ; --            ; nios_system_addr_router_002                              ; --             ;
; IP_TOOL_VERSION                     ; 13.0                                                          ; --            ; nios_system_addr_router_003                              ; --             ;
; IP_TOOL_VERSION                     ; 13.0                                                          ; --            ; nios_system_addr_router_008                              ; --             ;
; IP_TOOL_VERSION                     ; 13.0                                                          ; --            ; nios_system_avalon_st_adapter                            ; --             ;
; IP_TOOL_VERSION                     ; 13.0                                                          ; --            ; nios_system_avalon_st_adapter_001                        ; --             ;
; IP_TOOL_VERSION                     ; 13.0                                                          ; --            ; nios_system_avalon_st_adapter_001_channel_adapter_0      ; --             ;
; IP_TOOL_VERSION                     ; 13.0                                                          ; --            ; nios_system_avalon_st_adapter_001_data_format_adapter_0  ; --             ;
; IP_TOOL_VERSION                     ; 13.0                                                          ; --            ; nios_system_avalon_st_adapter_001_timing_adapter_0       ; --             ;
; IP_TOOL_VERSION                     ; 13.0                                                          ; --            ; nios_system_avalon_st_adapter_channel_adapter_0          ; --             ;
; IP_TOOL_VERSION                     ; 13.0                                                          ; --            ; nios_system_avalon_st_adapter_data_format_adapter_0      ; --             ;
; IP_TOOL_VERSION                     ; 13.0                                                          ; --            ; nios_system_avalon_st_adapter_error_adapter_0            ; --             ;
; IP_TOOL_VERSION                     ; 13.0                                                          ; --            ; nios_system_cmd_xbar_demux                               ; --             ;
; IP_TOOL_VERSION                     ; 13.0                                                          ; --            ; nios_system_cmd_xbar_demux_001                           ; --             ;
; IP_TOOL_VERSION                     ; 13.0                                                          ; --            ; nios_system_cmd_xbar_demux_002                           ; --             ;
; IP_TOOL_VERSION                     ; 13.0                                                          ; --            ; nios_system_cmd_xbar_demux_003                           ; --             ;
; IP_TOOL_VERSION                     ; 13.0                                                          ; --            ; nios_system_cmd_xbar_mux                                 ; --             ;
; IP_TOOL_VERSION                     ; 13.0                                                          ; --            ; nios_system_cmd_xbar_mux_001                             ; --             ;
; IP_TOOL_VERSION                     ; 13.0                                                          ; --            ; nios_system_cmd_xbar_mux_015                             ; --             ;
; IP_TOOL_VERSION                     ; 13.0.1.99.2                                                   ; --            ; nios_system_descriptor_memory                            ; --             ;
; IP_TOOL_VERSION                     ; 13.0                                                          ; --            ; nios_system_enet                                         ; --             ;
; IP_TOOL_VERSION                     ; 13.0                                                          ; --            ; nios_system_id_router                                    ; --             ;
; IP_TOOL_VERSION                     ; 13.0                                                          ; --            ; nios_system_id_router_001                                ; --             ;
; IP_TOOL_VERSION                     ; 13.0                                                          ; --            ; nios_system_id_router_002                                ; --             ;
; IP_TOOL_VERSION                     ; 13.0                                                          ; --            ; nios_system_id_router_013                                ; --             ;
; IP_TOOL_VERSION                     ; 13.0                                                          ; --            ; nios_system_id_router_015                                ; --             ;
; IP_TOOL_VERSION                     ; 13.0                                                          ; --            ; nios_system_id_router_020                                ; --             ;
; IP_TOOL_VERSION                     ; 13.0                                                          ; --            ; nios_system_irq_mapper                                   ; --             ;
; IP_TOOL_VERSION                     ; 13.0.1.99.2                                                   ; --            ; nios_system_packet_memory                                ; --             ;
; IP_TOOL_VERSION                     ; 13.0                                                          ; --            ; nios_system_rsp_xbar_demux                               ; --             ;
; IP_TOOL_VERSION                     ; 13.0                                                          ; --            ; nios_system_rsp_xbar_demux_001                           ; --             ;
; IP_TOOL_VERSION                     ; 13.0                                                          ; --            ; nios_system_rsp_xbar_demux_013                           ; --             ;
; IP_TOOL_VERSION                     ; 13.0                                                          ; --            ; nios_system_rsp_xbar_demux_015                           ; --             ;
; IP_TOOL_VERSION                     ; 13.0                                                          ; --            ; nios_system_rsp_xbar_mux                                 ; --             ;
; IP_TOOL_VERSION                     ; 13.0                                                          ; --            ; nios_system_rsp_xbar_mux_001                             ; --             ;
; IP_TOOL_VERSION                     ; 13.0                                                          ; --            ; nios_system_sysid                                        ; --             ;
; MAX_CORE_JUNCTION_TEMP              ; 85                                                            ; --            ; --                                                       ; --             ;
; MIN_CORE_JUNCTION_TEMP              ; 0                                                             ; --            ; --                                                       ; --             ;
; MISC_FILE                           ; enet_subsystem/enet_pll.ppf                                   ; --            ; --                                                       ; --             ;
; MISC_FILE                           ; enet_subsystem/enet_ddio_out.ppf                              ; --            ; --                                                       ; --             ;
; MISC_FILE                           ; nios_system/synthesis/../../nios_system.cmp                   ; --            ; --                                                       ; --             ;
; MISC_FILE                           ; nios_system/synthesis/../../nios_system.qsys                  ; --            ; --                                                       ; --             ;
; NOMINAL_CORE_SUPPLY_VOLTAGE         ; 1.2V                                                          ; --            ; --                                                       ; --             ;
; PARTITION_COLOR                     ; 16764057                                                      ; --            ; --                                                       ; Top            ;
; PARTITION_FITTER_PRESERVATION_LEVEL ; PLACEMENT_AND_ROUTING                                         ; --            ; --                                                       ; Top            ;
; PARTITION_NETLIST_TYPE              ; SOURCE                                                        ; --            ; --                                                       ; Top            ;
; POWER_BOARD_THERMAL_MODEL           ; None (CONSERVATIVE)                                           ; --            ; --                                                       ; --             ;
; POWER_PRESET_COOLING_SOLUTION       ; 23 MM HEAT SINK WITH 200 LFPM AIRFLOW                         ; --            ; --                                                       ; --             ;
; PROJECT_OUTPUT_DIRECTORY            ; output_files                                                  ; --            ; --                                                       ; --             ;
; SLD_INFO                            ; QSYS_NAME nios_system HAS_SOPCINFO 1 GENERATION_ID 1432446570 ; --            ; nios_system                                              ; --             ;
; SOPCINFO_FILE                       ; nios_system/synthesis/../../nios_system.sopcinfo              ; --            ; --                                                       ; --             ;
; SYNTHESIS_ONLY_QIP                  ; On                                                            ; --            ; --                                                       ; --             ;
+-------------------------------------+---------------------------------------------------------------+---------------+----------------------------------------------------------+----------------+


+-------------------------------------------------------------------------------------------------------------------------------+
; Flow Elapsed Time                                                                                                             ;
+---------------------------+--------------+-------------------------+---------------------+------------------------------------+
; Module Name               ; Elapsed Time ; Average Processors Used ; Peak Virtual Memory ; Total CPU Time (on all processors) ;
+---------------------------+--------------+-------------------------+---------------------+------------------------------------+
; Analysis & Synthesis      ; 00:03:39     ; 1.0                     ; 803 MB              ; 00:03:34                           ;
; Fitter                    ; 00:03:06     ; 1.3                     ; 1004 MB             ; 00:03:44                           ;
; Assembler                 ; 00:00:13     ; 1.0                     ; 430 MB              ; 00:00:11                           ;
; TimeQuest Timing Analyzer ; 00:00:25     ; 1.1                     ; 678 MB              ; 00:00:26                           ;
; Total                     ; 00:07:23     ; --                      ; --                  ; 00:07:55                           ;
+---------------------------+--------------+-------------------------+---------------------+------------------------------------+


+----------------------------------------------------------------------------------------+
; Flow OS Summary                                                                        ;
+---------------------------+------------------+-----------+------------+----------------+
; Module Name               ; Machine Hostname ; OS Name   ; OS Version ; Processor type ;
+---------------------------+------------------+-----------+------------+----------------+
; Analysis & Synthesis      ; RM128-9          ; Windows 7 ; 6.1        ; i686           ;
; Fitter                    ; RM128-9          ; Windows 7 ; 6.1        ; i686           ;
; Assembler                 ; RM128-9          ; Windows 7 ; 6.1        ; i686           ;
; TimeQuest Timing Analyzer ; RM128-9          ; Windows 7 ; 6.1        ; i686           ;
+---------------------------+------------------+-----------+------------+----------------+


------------
; Flow Log ;
------------
quartus_map --read_settings_files=on --write_settings_files=off VideoConferencing_System -c VideoConferencing_System
quartus_fit --read_settings_files=off --write_settings_files=off VideoConferencing_System -c VideoConferencing_System
quartus_asm --read_settings_files=off --write_settings_files=off VideoConferencing_System -c VideoConferencing_System
quartus_sta VideoConferencing_System -c VideoConferencing_System



