EDA Netlist Writer report for VideoConferencing_System
Sun May 24 23:32:55 2015
Quartus II 32-bit Version 13.0.1 Build 232 06/12/2013 Service Pack 1 SJ Web Edition


---------------------
; Table of Contents ;
---------------------
  1. Legal Notice
  2. EDA Netlist Writer Summary
  3. EDA Netlist Writer Messages



----------------
; Legal Notice ;
----------------
Copyright (C) 1991-2013 Altera Corporation
Your use of Altera Corporation's design tools, logic functions 
and other software and tools, and its AMPP partner logic 
functions, and any output files from any of the foregoing 
(including device programming or simulation files), and any 
associated documentation or information are expressly subject 
to the terms and conditions of the Altera Program License 
Subscription Agreement, Altera MegaCore Function License 
Agreement, or other applicable license agreement, including, 
without limitation, that your use is for the sole purpose of 
programming logic devices manufactured by Altera and sold by 
Altera or its authorized distributors.  Please refer to the 
applicable agreement for further details.



+---------------------------------------------------------------+
; EDA Netlist Writer Summary                                    ;
+---------------------------+-----------------------------------+
; EDA Netlist Writer Status ; Failed - Sun May 24 23:32:55 2015 ;
; Revision Name             ; VideoConferencing_System          ;
; Top-level Entity Name     ; VideoConferencing_System          ;
; Family                    ; Cyclone IV E                      ;
+---------------------------+-----------------------------------+


+-----------------------------+
; EDA Netlist Writer Messages ;
+-----------------------------+
Info: *******************************************************************
Info: Running Quartus II 32-bit EDA Netlist Writer
    Info: Version 13.0.1 Build 232 06/12/2013 Service Pack 1 SJ Web Edition
    Info: Processing started: Sun May 24 23:32:51 2015
Info: Command: quartus_eda --read_settings_files=off --write_settings_files=off VideoConferencing_System -c VideoConferencing_System
Error (204012): Can't generate netlist output files because the file "C:/Users/nipuna1/Documents/EE109/Final Project Files/nios_system/synthesis/submodules/altera_tse_rx_min_ff.v" is an OpenCore Plus time-limited file
Error (204012): Can't generate netlist output files because the file "C:/Users/nipuna1/Documents/EE109/Final Project Files/nios_system/synthesis/submodules/altera_tse_clk_cntl.v" is an OpenCore Plus time-limited file
Error (204012): Can't generate netlist output files because the file "C:/Users/nipuna1/Documents/EE109/Final Project Files/nios_system/synthesis/submodules/altera_tse_host_control.v" is an OpenCore Plus time-limited file
Error (204012): Can't generate netlist output files because the file "C:/Users/nipuna1/Documents/EE109/Final Project Files/nios_system/synthesis/submodules/altera_tse_tx_counter_cntl.v" is an OpenCore Plus time-limited file
Error (204012): Can't generate netlist output files because the file "C:/Users/nipuna1/Documents/EE109/Final Project Files/nios_system/synthesis/submodules/altera_tse_a_fifo_opt_1246.v" is an OpenCore Plus time-limited file
Error (204012): Can't generate netlist output files because the file "C:/Users/nipuna1/Documents/EE109/Final Project Files/nios_system/synthesis/submodules/altera_tse_tx_min_ff.v" is an OpenCore Plus time-limited file
Error (204012): Can't generate netlist output files because the file "C:/Users/nipuna1/Documents/EE109/Final Project Files/nios_system/synthesis/submodules/altera_tse_crc32ctl8.v" is an OpenCore Plus time-limited file
Error (204012): Can't generate netlist output files because the file "C:/Users/nipuna1/Documents/EE109/Final Project Files/nios_system/synthesis/submodules/altera_tse_register_map.v" is an OpenCore Plus time-limited file
Error (204012): Can't generate netlist output files because the file "C:/Users/nipuna1/Documents/EE109/Final Project Files/nios_system/synthesis/submodules/altera_tse_altshifttaps.v" is an OpenCore Plus time-limited file
Error (204012): Can't generate netlist output files because the file "C:/Users/nipuna1/Documents/EE109/Final Project Files/nios_system/synthesis/submodules/altera_tse_gray_cnt.v" is an OpenCore Plus time-limited file
Error (204012): Can't generate netlist output files because the file "C:/Users/nipuna1/Documents/EE109/Final Project Files/nios_system/synthesis/submodules/altera_tse_mdio_cntl.v" is an OpenCore Plus time-limited file
Error (204012): Can't generate netlist output files because the file "C:/Users/nipuna1/Documents/EE109/Final Project Files/nios_system/synthesis/submodules/altera_tse_bin_cnt.v" is an OpenCore Plus time-limited file
Error (204012): Can't generate netlist output files because the file "C:/Users/nipuna1/Documents/EE109/Final Project Files/nios_system/synthesis/submodules/altera_tse_mii_tx_if.v" is an OpenCore Plus time-limited file
Error (204012): Can't generate netlist output files because the file "C:/Users/nipuna1/Documents/EE109/Final Project Files/nios_system/synthesis/submodules/altera_tse_retransmit_cntl.v" is an OpenCore Plus time-limited file
Error (204012): Can't generate netlist output files because the file "C:/Users/nipuna1/Documents/EE109/Final Project Files/nios_system/synthesis/submodules/altera_tse_crc328checker.v" is an OpenCore Plus time-limited file
Error (204012): Can't generate netlist output files because the file "C:/Users/nipuna1/Documents/EE109/Final Project Files/nios_system/synthesis/submodules/altera_tse_tx_stat_extract.v" is an OpenCore Plus time-limited file
Error (204012): Can't generate netlist output files because the file "C:/Users/nipuna1/Documents/EE109/Final Project Files/nios_system/synthesis/submodules/altera_tse_lfsr_10.v" is an OpenCore Plus time-limited file
Error (204012): Can't generate netlist output files because the file "C:/Users/nipuna1/Documents/EE109/Final Project Files/nios_system/synthesis/submodules/altera_tse_mdio.v" is an OpenCore Plus time-limited file
Error (204012): Can't generate netlist output files because the file "C:/Users/nipuna1/Documents/EE109/Final Project Files/nios_system/synthesis/submodules/altera_tse_dpram_16x32.v" is an OpenCore Plus time-limited file
Error (204012): Can't generate netlist output files because the file "C:/Users/nipuna1/Documents/EE109/Final Project Files/nios_system/synthesis/submodules/altera_tse_top_w_fifo.v" is an OpenCore Plus time-limited file
Error (204012): Can't generate netlist output files because the file "C:/Users/nipuna1/Documents/EE109/Final Project Files/nios_system/synthesis/submodules/altera_tse_crc32galois8.v" is an OpenCore Plus time-limited file
Error (204012): Can't generate netlist output files because the file "C:/Users/nipuna1/Documents/EE109/Final Project Files/nios_system/synthesis/submodules/altera_tse_clock_crosser.v" is an OpenCore Plus time-limited file
Error (204012): Can't generate netlist output files because the file "C:/Users/nipuna1/Documents/EE109/Final Project Files/nios_system/synthesis/submodules/altera_tse_top_mdio.v" is an OpenCore Plus time-limited file
Error (204012): Can't generate netlist output files because the file "C:/Users/nipuna1/Documents/EE109/Final Project Files/nios_system/synthesis/submodules/altera_eth_tse_mac.v" is an OpenCore Plus time-limited file
Error (204012): Can't generate netlist output files because the file "C:/Users/nipuna1/Documents/EE109/Final Project Files/nios_system/synthesis/submodules/altera_tse_a_fifo_34.v" is an OpenCore Plus time-limited file
Error (204012): Can't generate netlist output files because the file "C:/Users/nipuna1/Documents/EE109/Final Project Files/nios_system/synthesis/submodules/altera_tse_mac_tx.v" is an OpenCore Plus time-limited file
Error (204012): Can't generate netlist output files because the file "C:/Users/nipuna1/Documents/EE109/Final Project Files/nios_system/synthesis/submodules/altera_tse_top_1geth.v" is an OpenCore Plus time-limited file
Error (204012): Can't generate netlist output files because the file "C:/Users/nipuna1/Documents/EE109/Final Project Files/nios_system/synthesis/submodules/altera_tse_crc328generator.v" is an OpenCore Plus time-limited file
Error (204012): Can't generate netlist output files because the file "C:/Users/nipuna1/Documents/EE109/Final Project Files/nios_system/synthesis/submodules/altera_tse_mac_control.v" is an OpenCore Plus time-limited file
Error (204012): Can't generate netlist output files because the file "C:/Users/nipuna1/Documents/EE109/Final Project Files/nios_system/synthesis/submodules/altera_tse_mdio_clk_gen.v" is an OpenCore Plus time-limited file
Error (204012): Can't generate netlist output files because the file "C:/Users/nipuna1/Documents/EE109/Final Project Files/nios_system/synthesis/submodules/altera_tse_dpram_8x32.v" is an OpenCore Plus time-limited file
Error (204012): Can't generate netlist output files because the file "C:/Users/nipuna1/Documents/EE109/Final Project Files/nios_system/synthesis/submodules/altera_tse_rx_stat_extract.v" is an OpenCore Plus time-limited file
Error (204012): Can't generate netlist output files because the file "C:/Users/nipuna1/Documents/EE109/Final Project Files/nios_system/synthesis/submodules/altera_tse_top_w_fifo_10_100_1000.v" is an OpenCore Plus time-limited file
Error (204012): Can't generate netlist output files because the file "C:/Users/nipuna1/Documents/EE109/Final Project Files/nios_system/synthesis/submodules/altera_tse_gmii_io.v" is an OpenCore Plus time-limited file
Error (204012): Can't generate netlist output files because the file "C:/Users/nipuna1/Documents/EE109/Final Project Files/nios_system/synthesis/submodules/altera_tse_rx_counter_cntl.v" is an OpenCore Plus time-limited file
Error (204012): Can't generate netlist output files because the file "C:/Users/nipuna1/Documents/EE109/Final Project Files/nios_system/synthesis/submodules/altera_tse_a_fifo_13.v" is an OpenCore Plus time-limited file
Error (204012): Can't generate netlist output files because the file "C:/Users/nipuna1/Documents/EE109/Final Project Files/nios_system/synthesis/submodules/altera_tse_mac_rx.v" is an OpenCore Plus time-limited file
Error (204012): Can't generate netlist output files because the file "C:/Users/nipuna1/Documents/EE109/Final Project Files/nios_system/synthesis/submodules/altera_tse_altsyncram_dpm_fifo.v" is an OpenCore Plus time-limited file
Error (204012): Can't generate netlist output files because the file "C:/Users/nipuna1/Documents/EE109/Final Project Files/nios_system/synthesis/submodules/altera_tse_mii_rx_if.v" is an OpenCore Plus time-limited file
Error (204009): Can't generate netlist output files because the license for encrypted file "C:/Users/nipuna1/Documents/EE109/Final Project Files/nios_system/synthesis/submodules/altera_tse_rx_min_ff.v" is not available
Error (204009): Can't generate netlist output files because the license for encrypted file "C:/Users/nipuna1/Documents/EE109/Final Project Files/nios_system/synthesis/submodules/altera_tse_clk_cntl.v" is not available
Error (204009): Can't generate netlist output files because the license for encrypted file "C:/Users/nipuna1/Documents/EE109/Final Project Files/nios_system/synthesis/submodules/altera_tse_host_control.v" is not available
Error (204009): Can't generate netlist output files because the license for encrypted file "C:/Users/nipuna1/Documents/EE109/Final Project Files/nios_system/synthesis/submodules/altera_tse_tx_counter_cntl.v" is not available
Error (204009): Can't generate netlist output files because the license for encrypted file "C:/Users/nipuna1/Documents/EE109/Final Project Files/nios_system/synthesis/submodules/altera_tse_a_fifo_opt_1246.v" is not available
Error (204009): Can't generate netlist output files because the license for encrypted file "C:/Users/nipuna1/Documents/EE109/Final Project Files/nios_system/synthesis/submodules/altera_tse_tx_min_ff.v" is not available
Error (204009): Can't generate netlist output files because the license for encrypted file "C:/Users/nipuna1/Documents/EE109/Final Project Files/nios_system/synthesis/submodules/altera_tse_crc32ctl8.v" is not available
Error (204009): Can't generate netlist output files because the license for encrypted file "C:/Users/nipuna1/Documents/EE109/Final Project Files/nios_system/synthesis/submodules/altera_tse_register_map.v" is not available
Error (204009): Can't generate netlist output files because the license for encrypted file "C:/Users/nipuna1/Documents/EE109/Final Project Files/nios_system/synthesis/submodules/altera_tse_altshifttaps.v" is not available
Error (204009): Can't generate netlist output files because the license for encrypted file "C:/Users/nipuna1/Documents/EE109/Final Project Files/nios_system/synthesis/submodules/altera_tse_gray_cnt.v" is not available
Error (204009): Can't generate netlist output files because the license for encrypted file "C:/Users/nipuna1/Documents/EE109/Final Project Files/nios_system/synthesis/submodules/altera_tse_mdio_cntl.v" is not available
Error (204009): Can't generate netlist output files because the license for encrypted file "C:/Users/nipuna1/Documents/EE109/Final Project Files/nios_system/synthesis/submodules/altera_tse_bin_cnt.v" is not available
Error (204009): Can't generate netlist output files because the license for encrypted file "C:/Users/nipuna1/Documents/EE109/Final Project Files/nios_system/synthesis/submodules/altera_tse_mii_tx_if.v" is not available
Error (204009): Can't generate netlist output files because the license for encrypted file "C:/Users/nipuna1/Documents/EE109/Final Project Files/nios_system/synthesis/submodules/altera_tse_retransmit_cntl.v" is not available
Error (204009): Can't generate netlist output files because the license for encrypted file "C:/Users/nipuna1/Documents/EE109/Final Project Files/nios_system/synthesis/submodules/altera_tse_crc328checker.v" is not available
Error (204009): Can't generate netlist output files because the license for encrypted file "C:/Users/nipuna1/Documents/EE109/Final Project Files/nios_system/synthesis/submodules/altera_tse_tx_stat_extract.v" is not available
Error (204009): Can't generate netlist output files because the license for encrypted file "C:/Users/nipuna1/Documents/EE109/Final Project Files/nios_system/synthesis/submodules/altera_tse_lfsr_10.v" is not available
Error (204009): Can't generate netlist output files because the license for encrypted file "C:/Users/nipuna1/Documents/EE109/Final Project Files/nios_system/synthesis/submodules/altera_tse_mdio.v" is not available
Error (204009): Can't generate netlist output files because the license for encrypted file "C:/Users/nipuna1/Documents/EE109/Final Project Files/nios_system/synthesis/submodules/altera_tse_dpram_16x32.v" is not available
Error (204009): Can't generate netlist output files because the license for encrypted file "C:/Users/nipuna1/Documents/EE109/Final Project Files/nios_system/synthesis/submodules/altera_tse_top_w_fifo.v" is not available
Error (204009): Can't generate netlist output files because the license for encrypted file "C:/Users/nipuna1/Documents/EE109/Final Project Files/nios_system/synthesis/submodules/altera_tse_crc32galois8.v" is not available
Error (204009): Can't generate netlist output files because the license for encrypted file "C:/Users/nipuna1/Documents/EE109/Final Project Files/nios_system/synthesis/submodules/altera_tse_clock_crosser.v" is not available
Error (204009): Can't generate netlist output files because the license for encrypted file "C:/Users/nipuna1/Documents/EE109/Final Project Files/nios_system/synthesis/submodules/altera_tse_top_mdio.v" is not available
Error (204009): Can't generate netlist output files because the license for encrypted file "C:/Users/nipuna1/Documents/EE109/Final Project Files/nios_system/synthesis/submodules/altera_eth_tse_mac.v" is not available
Error (204009): Can't generate netlist output files because the license for encrypted file "C:/Users/nipuna1/Documents/EE109/Final Project Files/nios_system/synthesis/submodules/altera_tse_a_fifo_34.v" is not available
Error (204009): Can't generate netlist output files because the license for encrypted file "C:/Users/nipuna1/Documents/EE109/Final Project Files/nios_system/synthesis/submodules/altera_tse_mac_tx.v" is not available
Error (204009): Can't generate netlist output files because the license for encrypted file "C:/Users/nipuna1/Documents/EE109/Final Project Files/nios_system/synthesis/submodules/altera_tse_top_1geth.v" is not available
Error (204009): Can't generate netlist output files because the license for encrypted file "C:/Users/nipuna1/Documents/EE109/Final Project Files/nios_system/synthesis/submodules/altera_tse_crc328generator.v" is not available
Error (204009): Can't generate netlist output files because the license for encrypted file "C:/Users/nipuna1/Documents/EE109/Final Project Files/nios_system/synthesis/submodules/altera_tse_mac_control.v" is not available
Error (204009): Can't generate netlist output files because the license for encrypted file "C:/Users/nipuna1/Documents/EE109/Final Project Files/nios_system/synthesis/submodules/altera_tse_mdio_clk_gen.v" is not available
Error (204009): Can't generate netlist output files because the license for encrypted file "C:/Users/nipuna1/Documents/EE109/Final Project Files/nios_system/synthesis/submodules/altera_tse_dpram_8x32.v" is not available
Error (204009): Can't generate netlist output files because the license for encrypted file "C:/Users/nipuna1/Documents/EE109/Final Project Files/nios_system/synthesis/submodules/altera_tse_rx_stat_extract.v" is not available
Error (204009): Can't generate netlist output files because the license for encrypted file "C:/Users/nipuna1/Documents/EE109/Final Project Files/nios_system/synthesis/submodules/altera_tse_top_w_fifo_10_100_1000.v" is not available
Error (204009): Can't generate netlist output files because the license for encrypted file "C:/Users/nipuna1/Documents/EE109/Final Project Files/nios_system/synthesis/submodules/altera_tse_gmii_io.v" is not available
Error (204009): Can't generate netlist output files because the license for encrypted file "C:/Users/nipuna1/Documents/EE109/Final Project Files/nios_system/synthesis/submodules/altera_tse_rx_counter_cntl.v" is not available
Error (204009): Can't generate netlist output files because the license for encrypted file "C:/Users/nipuna1/Documents/EE109/Final Project Files/nios_system/synthesis/submodules/altera_tse_a_fifo_13.v" is not available
Error (204009): Can't generate netlist output files because the license for encrypted file "C:/Users/nipuna1/Documents/EE109/Final Project Files/nios_system/synthesis/submodules/altera_tse_mac_rx.v" is not available
Error (204009): Can't generate netlist output files because the license for encrypted file "C:/Users/nipuna1/Documents/EE109/Final Project Files/nios_system/synthesis/submodules/altera_tse_altsyncram_dpm_fifo.v" is not available
Error (204009): Can't generate netlist output files because the license for encrypted file "C:/Users/nipuna1/Documents/EE109/Final Project Files/nios_system/synthesis/submodules/altera_tse_mii_rx_if.v" is not available
Error (204012): Can't generate netlist output files because the file "C:/Users/nipuna1/Documents/EE109/Final Project Files/nios_system/synthesis/submodules/altera_tse_rx_min_ff.v" is an OpenCore Plus time-limited file
Error (204012): Can't generate netlist output files because the file "C:/Users/nipuna1/Documents/EE109/Final Project Files/nios_system/synthesis/submodules/altera_tse_clk_cntl.v" is an OpenCore Plus time-limited file
Error (204012): Can't generate netlist output files because the file "C:/Users/nipuna1/Documents/EE109/Final Project Files/nios_system/synthesis/submodules/altera_tse_host_control.v" is an OpenCore Plus time-limited file
Error (204012): Can't generate netlist output files because the file "C:/Users/nipuna1/Documents/EE109/Final Project Files/nios_system/synthesis/submodules/altera_tse_tx_counter_cntl.v" is an OpenCore Plus time-limited file
Error (204012): Can't generate netlist output files because the file "C:/Users/nipuna1/Documents/EE109/Final Project Files/nios_system/synthesis/submodules/altera_tse_a_fifo_opt_1246.v" is an OpenCore Plus time-limited file
Error (204012): Can't generate netlist output files because the file "C:/Users/nipuna1/Documents/EE109/Final Project Files/nios_system/synthesis/submodules/altera_tse_tx_min_ff.v" is an OpenCore Plus time-limited file
Error (204012): Can't generate netlist output files because the file "C:/Users/nipuna1/Documents/EE109/Final Project Files/nios_system/synthesis/submodules/altera_tse_crc32ctl8.v" is an OpenCore Plus time-limited file
Error (204012): Can't generate netlist output files because the file "C:/Users/nipuna1/Documents/EE109/Final Project Files/nios_system/synthesis/submodules/altera_tse_register_map.v" is an OpenCore Plus time-limited file
Error (204012): Can't generate netlist output files because the file "C:/Users/nipuna1/Documents/EE109/Final Project Files/nios_system/synthesis/submodules/altera_tse_altshifttaps.v" is an OpenCore Plus time-limited file
Error (204012): Can't generate netlist output files because the file "C:/Users/nipuna1/Documents/EE109/Final Project Files/nios_system/synthesis/submodules/altera_tse_gray_cnt.v" is an OpenCore Plus time-limited file
Error (204012): Can't generate netlist output files because the file "C:/Users/nipuna1/Documents/EE109/Final Project Files/nios_system/synthesis/submodules/altera_tse_mdio_cntl.v" is an OpenCore Plus time-limited file
Error (204012): Can't generate netlist output files because the file "C:/Users/nipuna1/Documents/EE109/Final Project Files/nios_system/synthesis/submodules/altera_tse_bin_cnt.v" is an OpenCore Plus time-limited file
Error (204012): Can't generate netlist output files because the file "C:/Users/nipuna1/Documents/EE109/Final Project Files/nios_system/synthesis/submodules/altera_tse_mii_tx_if.v" is an OpenCore Plus time-limited file
Error (204012): Can't generate netlist output files because the file "C:/Users/nipuna1/Documents/EE109/Final Project Files/nios_system/synthesis/submodules/altera_tse_retransmit_cntl.v" is an OpenCore Plus time-limited file
Error (204012): Can't generate netlist output files because the file "C:/Users/nipuna1/Documents/EE109/Final Project Files/nios_system/synthesis/submodules/altera_tse_crc328checker.v" is an OpenCore Plus time-limited file
Error (204012): Can't generate netlist output files because the file "C:/Users/nipuna1/Documents/EE109/Final Project Files/nios_system/synthesis/submodules/altera_tse_tx_stat_extract.v" is an OpenCore Plus time-limited file
Error (204012): Can't generate netlist output files because the file "C:/Users/nipuna1/Documents/EE109/Final Project Files/nios_system/synthesis/submodules/altera_tse_lfsr_10.v" is an OpenCore Plus time-limited file
Error (204012): Can't generate netlist output files because the file "C:/Users/nipuna1/Documents/EE109/Final Project Files/nios_system/synthesis/submodules/altera_tse_mdio.v" is an OpenCore Plus time-limited file
Error (204012): Can't generate netlist output files because the file "C:/Users/nipuna1/Documents/EE109/Final Project Files/nios_system/synthesis/submodules/altera_tse_dpram_16x32.v" is an OpenCore Plus time-limited file
Error (204012): Can't generate netlist output files because the file "C:/Users/nipuna1/Documents/EE109/Final Project Files/nios_system/synthesis/submodules/altera_tse_top_w_fifo.v" is an OpenCore Plus time-limited file
Error (204012): Can't generate netlist output files because the file "C:/Users/nipuna1/Documents/EE109/Final Project Files/nios_system/synthesis/submodules/altera_tse_crc32galois8.v" is an OpenCore Plus time-limited file
Error (204012): Can't generate netlist output files because the file "C:/Users/nipuna1/Documents/EE109/Final Project Files/nios_system/synthesis/submodules/altera_tse_clock_crosser.v" is an OpenCore Plus time-limited file
Error (204012): Can't generate netlist output files because the file "C:/Users/nipuna1/Documents/EE109/Final Project Files/nios_system/synthesis/submodules/altera_tse_top_mdio.v" is an OpenCore Plus time-limited file
Error (204012): Can't generate netlist output files because the file "C:/Users/nipuna1/Documents/EE109/Final Project Files/nios_system/synthesis/submodules/altera_eth_tse_mac.v" is an OpenCore Plus time-limited file
Error (204012): Can't generate netlist output files because the file "C:/Users/nipuna1/Documents/EE109/Final Project Files/nios_system/synthesis/submodules/altera_tse_a_fifo_34.v" is an OpenCore Plus time-limited file
Error (204012): Can't generate netlist output files because the file "C:/Users/nipuna1/Documents/EE109/Final Project Files/nios_system/synthesis/submodules/altera_tse_mac_tx.v" is an OpenCore Plus time-limited file
Error (204012): Can't generate netlist output files because the file "C:/Users/nipuna1/Documents/EE109/Final Project Files/nios_system/synthesis/submodules/altera_tse_top_1geth.v" is an OpenCore Plus time-limited file
Error (204012): Can't generate netlist output files because the file "C:/Users/nipuna1/Documents/EE109/Final Project Files/nios_system/synthesis/submodules/altera_tse_crc328generator.v" is an OpenCore Plus time-limited file
Error (204012): Can't generate netlist output files because the file "C:/Users/nipuna1/Documents/EE109/Final Project Files/nios_system/synthesis/submodules/altera_tse_mac_control.v" is an OpenCore Plus time-limited file
Error (204012): Can't generate netlist output files because the file "C:/Users/nipuna1/Documents/EE109/Final Project Files/nios_system/synthesis/submodules/altera_tse_mdio_clk_gen.v" is an OpenCore Plus time-limited file
Error (204012): Can't generate netlist output files because the file "C:/Users/nipuna1/Documents/EE109/Final Project Files/nios_system/synthesis/submodules/altera_tse_dpram_8x32.v" is an OpenCore Plus time-limited file
Error (204012): Can't generate netlist output files because the file "C:/Users/nipuna1/Documents/EE109/Final Project Files/nios_system/synthesis/submodules/altera_tse_rx_stat_extract.v" is an OpenCore Plus time-limited file
Error (204012): Can't generate netlist output files because the file "C:/Users/nipuna1/Documents/EE109/Final Project Files/nios_system/synthesis/submodules/altera_tse_top_w_fifo_10_100_1000.v" is an OpenCore Plus time-limited file
Error (204012): Can't generate netlist output files because the file "C:/Users/nipuna1/Documents/EE109/Final Project Files/nios_system/synthesis/submodules/altera_tse_gmii_io.v" is an OpenCore Plus time-limited file
Error (204012): Can't generate netlist output files because the file "C:/Users/nipuna1/Documents/EE109/Final Project Files/nios_system/synthesis/submodules/altera_tse_rx_counter_cntl.v" is an OpenCore Plus time-limited file
Error (204012): Can't generate netlist output files because the file "C:/Users/nipuna1/Documents/EE109/Final Project Files/nios_system/synthesis/submodules/altera_tse_a_fifo_13.v" is an OpenCore Plus time-limited file
Error (204012): Can't generate netlist output files because the file "C:/Users/nipuna1/Documents/EE109/Final Project Files/nios_system/synthesis/submodules/altera_tse_mac_rx.v" is an OpenCore Plus time-limited file
Error (204012): Can't generate netlist output files because the file "C:/Users/nipuna1/Documents/EE109/Final Project Files/nios_system/synthesis/submodules/altera_tse_altsyncram_dpm_fifo.v" is an OpenCore Plus time-limited file
Error (204012): Can't generate netlist output files because the file "C:/Users/nipuna1/Documents/EE109/Final Project Files/nios_system/synthesis/submodules/altera_tse_mii_rx_if.v" is an OpenCore Plus time-limited file
Error (204009): Can't generate netlist output files because the license for encrypted file "C:/Users/nipuna1/Documents/EE109/Final Project Files/nios_system/synthesis/submodules/altera_tse_rx_min_ff.v" is not available
Error (204009): Can't generate netlist output files because the license for encrypted file "C:/Users/nipuna1/Documents/EE109/Final Project Files/nios_system/synthesis/submodules/altera_tse_clk_cntl.v" is not available
Error (204009): Can't generate netlist output files because the license for encrypted file "C:/Users/nipuna1/Documents/EE109/Final Project Files/nios_system/synthesis/submodules/altera_tse_host_control.v" is not available
Error (204009): Can't generate netlist output files because the license for encrypted file "C:/Users/nipuna1/Documents/EE109/Final Project Files/nios_system/synthesis/submodules/altera_tse_tx_counter_cntl.v" is not available
Error (204009): Can't generate netlist output files because the license for encrypted file "C:/Users/nipuna1/Documents/EE109/Final Project Files/nios_system/synthesis/submodules/altera_tse_a_fifo_opt_1246.v" is not available
Error (204009): Can't generate netlist output files because the license for encrypted file "C:/Users/nipuna1/Documents/EE109/Final Project Files/nios_system/synthesis/submodules/altera_tse_tx_min_ff.v" is not available
Error (204009): Can't generate netlist output files because the license for encrypted file "C:/Users/nipuna1/Documents/EE109/Final Project Files/nios_system/synthesis/submodules/altera_tse_crc32ctl8.v" is not available
Error (204009): Can't generate netlist output files because the license for encrypted file "C:/Users/nipuna1/Documents/EE109/Final Project Files/nios_system/synthesis/submodules/altera_tse_register_map.v" is not available
Error (204009): Can't generate netlist output files because the license for encrypted file "C:/Users/nipuna1/Documents/EE109/Final Project Files/nios_system/synthesis/submodules/altera_tse_altshifttaps.v" is not available
Error (204009): Can't generate netlist output files because the license for encrypted file "C:/Users/nipuna1/Documents/EE109/Final Project Files/nios_system/synthesis/submodules/altera_tse_gray_cnt.v" is not available
Error (204009): Can't generate netlist output files because the license for encrypted file "C:/Users/nipuna1/Documents/EE109/Final Project Files/nios_system/synthesis/submodules/altera_tse_mdio_cntl.v" is not available
Error (204009): Can't generate netlist output files because the license for encrypted file "C:/Users/nipuna1/Documents/EE109/Final Project Files/nios_system/synthesis/submodules/altera_tse_bin_cnt.v" is not available
Error (204009): Can't generate netlist output files because the license for encrypted file "C:/Users/nipuna1/Documents/EE109/Final Project Files/nios_system/synthesis/submodules/altera_tse_mii_tx_if.v" is not available
Error (204009): Can't generate netlist output files because the license for encrypted file "C:/Users/nipuna1/Documents/EE109/Final Project Files/nios_system/synthesis/submodules/altera_tse_retransmit_cntl.v" is not available
Error (204009): Can't generate netlist output files because the license for encrypted file "C:/Users/nipuna1/Documents/EE109/Final Project Files/nios_system/synthesis/submodules/altera_tse_crc328checker.v" is not available
Error (204009): Can't generate netlist output files because the license for encrypted file "C:/Users/nipuna1/Documents/EE109/Final Project Files/nios_system/synthesis/submodules/altera_tse_tx_stat_extract.v" is not available
Error (204009): Can't generate netlist output files because the license for encrypted file "C:/Users/nipuna1/Documents/EE109/Final Project Files/nios_system/synthesis/submodules/altera_tse_lfsr_10.v" is not available
Error (204009): Can't generate netlist output files because the license for encrypted file "C:/Users/nipuna1/Documents/EE109/Final Project Files/nios_system/synthesis/submodules/altera_tse_mdio.v" is not available
Error (204009): Can't generate netlist output files because the license for encrypted file "C:/Users/nipuna1/Documents/EE109/Final Project Files/nios_system/synthesis/submodules/altera_tse_dpram_16x32.v" is not available
Error (204009): Can't generate netlist output files because the license for encrypted file "C:/Users/nipuna1/Documents/EE109/Final Project Files/nios_system/synthesis/submodules/altera_tse_top_w_fifo.v" is not available
Error (204009): Can't generate netlist output files because the license for encrypted file "C:/Users/nipuna1/Documents/EE109/Final Project Files/nios_system/synthesis/submodules/altera_tse_crc32galois8.v" is not available
Error (204009): Can't generate netlist output files because the license for encrypted file "C:/Users/nipuna1/Documents/EE109/Final Project Files/nios_system/synthesis/submodules/altera_tse_clock_crosser.v" is not available
Error (204009): Can't generate netlist output files because the license for encrypted file "C:/Users/nipuna1/Documents/EE109/Final Project Files/nios_system/synthesis/submodules/altera_tse_top_mdio.v" is not available
Error (204009): Can't generate netlist output files because the license for encrypted file "C:/Users/nipuna1/Documents/EE109/Final Project Files/nios_system/synthesis/submodules/altera_eth_tse_mac.v" is not available
Error (204009): Can't generate netlist output files because the license for encrypted file "C:/Users/nipuna1/Documents/EE109/Final Project Files/nios_system/synthesis/submodules/altera_tse_a_fifo_34.v" is not available
Error (204009): Can't generate netlist output files because the license for encrypted file "C:/Users/nipuna1/Documents/EE109/Final Project Files/nios_system/synthesis/submodules/altera_tse_mac_tx.v" is not available
Error (204009): Can't generate netlist output files because the license for encrypted file "C:/Users/nipuna1/Documents/EE109/Final Project Files/nios_system/synthesis/submodules/altera_tse_top_1geth.v" is not available
Error (204009): Can't generate netlist output files because the license for encrypted file "C:/Users/nipuna1/Documents/EE109/Final Project Files/nios_system/synthesis/submodules/altera_tse_crc328generator.v" is not available
Error (204009): Can't generate netlist output files because the license for encrypted file "C:/Users/nipuna1/Documents/EE109/Final Project Files/nios_system/synthesis/submodules/altera_tse_mac_control.v" is not available
Error (204009): Can't generate netlist output files because the license for encrypted file "C:/Users/nipuna1/Documents/EE109/Final Project Files/nios_system/synthesis/submodules/altera_tse_mdio_clk_gen.v" is not available
Error (204009): Can't generate netlist output files because the license for encrypted file "C:/Users/nipuna1/Documents/EE109/Final Project Files/nios_system/synthesis/submodules/altera_tse_dpram_8x32.v" is not available
Error (204009): Can't generate netlist output files because the license for encrypted file "C:/Users/nipuna1/Documents/EE109/Final Project Files/nios_system/synthesis/submodules/altera_tse_rx_stat_extract.v" is not available
Error (204009): Can't generate netlist output files because the license for encrypted file "C:/Users/nipuna1/Documents/EE109/Final Project Files/nios_system/synthesis/submodules/altera_tse_top_w_fifo_10_100_1000.v" is not available
Error (204009): Can't generate netlist output files because the license for encrypted file "C:/Users/nipuna1/Documents/EE109/Final Project Files/nios_system/synthesis/submodules/altera_tse_gmii_io.v" is not available
Error (204009): Can't generate netlist output files because the license for encrypted file "C:/Users/nipuna1/Documents/EE109/Final Project Files/nios_system/synthesis/submodules/altera_tse_rx_counter_cntl.v" is not available
Error (204009): Can't generate netlist output files because the license for encrypted file "C:/Users/nipuna1/Documents/EE109/Final Project Files/nios_system/synthesis/submodules/altera_tse_a_fifo_13.v" is not available
Error (204009): Can't generate netlist output files because the license for encrypted file "C:/Users/nipuna1/Documents/EE109/Final Project Files/nios_system/synthesis/submodules/altera_tse_mac_rx.v" is not available
Error (204009): Can't generate netlist output files because the license for encrypted file "C:/Users/nipuna1/Documents/EE109/Final Project Files/nios_system/synthesis/submodules/altera_tse_altsyncram_dpm_fifo.v" is not available
Error (204009): Can't generate netlist output files because the license for encrypted file "C:/Users/nipuna1/Documents/EE109/Final Project Files/nios_system/synthesis/submodules/altera_tse_mii_rx_if.v" is not available
Error (204012): Can't generate netlist output files because the file "C:/Users/nipuna1/Documents/EE109/Final Project Files/nios_system/synthesis/submodules/altera_tse_rx_min_ff.v" is an OpenCore Plus time-limited file
Error (204012): Can't generate netlist output files because the file "C:/Users/nipuna1/Documents/EE109/Final Project Files/nios_system/synthesis/submodules/altera_tse_clk_cntl.v" is an OpenCore Plus time-limited file
Error (204012): Can't generate netlist output files because the file "C:/Users/nipuna1/Documents/EE109/Final Project Files/nios_system/synthesis/submodules/altera_tse_host_control.v" is an OpenCore Plus time-limited file
Error (204012): Can't generate netlist output files because the file "C:/Users/nipuna1/Documents/EE109/Final Project Files/nios_system/synthesis/submodules/altera_tse_tx_counter_cntl.v" is an OpenCore Plus time-limited file
Error (204012): Can't generate netlist output files because the file "C:/Users/nipuna1/Documents/EE109/Final Project Files/nios_system/synthesis/submodules/altera_tse_a_fifo_opt_1246.v" is an OpenCore Plus time-limited file
Error (204012): Can't generate netlist output files because the file "C:/Users/nipuna1/Documents/EE109/Final Project Files/nios_system/synthesis/submodules/altera_tse_tx_min_ff.v" is an OpenCore Plus time-limited file
Error (204012): Can't generate netlist output files because the file "C:/Users/nipuna1/Documents/EE109/Final Project Files/nios_system/synthesis/submodules/altera_tse_crc32ctl8.v" is an OpenCore Plus time-limited file
Error (204012): Can't generate netlist output files because the file "C:/Users/nipuna1/Documents/EE109/Final Project Files/nios_system/synthesis/submodules/altera_tse_register_map.v" is an OpenCore Plus time-limited file
Error (204012): Can't generate netlist output files because the file "C:/Users/nipuna1/Documents/EE109/Final Project Files/nios_system/synthesis/submodules/altera_tse_altshifttaps.v" is an OpenCore Plus time-limited file
Error (204012): Can't generate netlist output files because the file "C:/Users/nipuna1/Documents/EE109/Final Project Files/nios_system/synthesis/submodules/altera_tse_gray_cnt.v" is an OpenCore Plus time-limited file
Error (204012): Can't generate netlist output files because the file "C:/Users/nipuna1/Documents/EE109/Final Project Files/nios_system/synthesis/submodules/altera_tse_mdio_cntl.v" is an OpenCore Plus time-limited file
Error (204012): Can't generate netlist output files because the file "C:/Users/nipuna1/Documents/EE109/Final Project Files/nios_system/synthesis/submodules/altera_tse_bin_cnt.v" is an OpenCore Plus time-limited file
Error (204012): Can't generate netlist output files because the file "C:/Users/nipuna1/Documents/EE109/Final Project Files/nios_system/synthesis/submodules/altera_tse_mii_tx_if.v" is an OpenCore Plus time-limited file
Error (204012): Can't generate netlist output files because the file "C:/Users/nipuna1/Documents/EE109/Final Project Files/nios_system/synthesis/submodules/altera_tse_retransmit_cntl.v" is an OpenCore Plus time-limited file
Error (204012): Can't generate netlist output files because the file "C:/Users/nipuna1/Documents/EE109/Final Project Files/nios_system/synthesis/submodules/altera_tse_crc328checker.v" is an OpenCore Plus time-limited file
Error (204012): Can't generate netlist output files because the file "C:/Users/nipuna1/Documents/EE109/Final Project Files/nios_system/synthesis/submodules/altera_tse_tx_stat_extract.v" is an OpenCore Plus time-limited file
Error (204012): Can't generate netlist output files because the file "C:/Users/nipuna1/Documents/EE109/Final Project Files/nios_system/synthesis/submodules/altera_tse_lfsr_10.v" is an OpenCore Plus time-limited file
Error (204012): Can't generate netlist output files because the file "C:/Users/nipuna1/Documents/EE109/Final Project Files/nios_system/synthesis/submodules/altera_tse_mdio.v" is an OpenCore Plus time-limited file
Error (204012): Can't generate netlist output files because the file "C:/Users/nipuna1/Documents/EE109/Final Project Files/nios_system/synthesis/submodules/altera_tse_dpram_16x32.v" is an OpenCore Plus time-limited file
Error (204012): Can't generate netlist output files because the file "C:/Users/nipuna1/Documents/EE109/Final Project Files/nios_system/synthesis/submodules/altera_tse_top_w_fifo.v" is an OpenCore Plus time-limited file
Error (204012): Can't generate netlist output files because the file "C:/Users/nipuna1/Documents/EE109/Final Project Files/nios_system/synthesis/submodules/altera_tse_crc32galois8.v" is an OpenCore Plus time-limited file
Error (204012): Can't generate netlist output files because the file "C:/Users/nipuna1/Documents/EE109/Final Project Files/nios_system/synthesis/submodules/altera_tse_clock_crosser.v" is an OpenCore Plus time-limited file
Error (204012): Can't generate netlist output files because the file "C:/Users/nipuna1/Documents/EE109/Final Project Files/nios_system/synthesis/submodules/altera_tse_top_mdio.v" is an OpenCore Plus time-limited file
Error (204012): Can't generate netlist output files because the file "C:/Users/nipuna1/Documents/EE109/Final Project Files/nios_system/synthesis/submodules/altera_eth_tse_mac.v" is an OpenCore Plus time-limited file
Error (204012): Can't generate netlist output files because the file "C:/Users/nipuna1/Documents/EE109/Final Project Files/nios_system/synthesis/submodules/altera_tse_a_fifo_34.v" is an OpenCore Plus time-limited file
Error (204012): Can't generate netlist output files because the file "C:/Users/nipuna1/Documents/EE109/Final Project Files/nios_system/synthesis/submodules/altera_tse_mac_tx.v" is an OpenCore Plus time-limited file
Error (204012): Can't generate netlist output files because the file "C:/Users/nipuna1/Documents/EE109/Final Project Files/nios_system/synthesis/submodules/altera_tse_top_1geth.v" is an OpenCore Plus time-limited file
Error (204012): Can't generate netlist output files because the file "C:/Users/nipuna1/Documents/EE109/Final Project Files/nios_system/synthesis/submodules/altera_tse_crc328generator.v" is an OpenCore Plus time-limited file
Error (204012): Can't generate netlist output files because the file "C:/Users/nipuna1/Documents/EE109/Final Project Files/nios_system/synthesis/submodules/altera_tse_mac_control.v" is an OpenCore Plus time-limited file
Error (204012): Can't generate netlist output files because the file "C:/Users/nipuna1/Documents/EE109/Final Project Files/nios_system/synthesis/submodules/altera_tse_mdio_clk_gen.v" is an OpenCore Plus time-limited file
Error (204012): Can't generate netlist output files because the file "C:/Users/nipuna1/Documents/EE109/Final Project Files/nios_system/synthesis/submodules/altera_tse_dpram_8x32.v" is an OpenCore Plus time-limited file
Error (204012): Can't generate netlist output files because the file "C:/Users/nipuna1/Documents/EE109/Final Project Files/nios_system/synthesis/submodules/altera_tse_rx_stat_extract.v" is an OpenCore Plus time-limited file
Error (204012): Can't generate netlist output files because the file "C:/Users/nipuna1/Documents/EE109/Final Project Files/nios_system/synthesis/submodules/altera_tse_top_w_fifo_10_100_1000.v" is an OpenCore Plus time-limited file
Error (204012): Can't generate netlist output files because the file "C:/Users/nipuna1/Documents/EE109/Final Project Files/nios_system/synthesis/submodules/altera_tse_gmii_io.v" is an OpenCore Plus time-limited file
Error (204012): Can't generate netlist output files because the file "C:/Users/nipuna1/Documents/EE109/Final Project Files/nios_system/synthesis/submodules/altera_tse_rx_counter_cntl.v" is an OpenCore Plus time-limited file
Error (204012): Can't generate netlist output files because the file "C:/Users/nipuna1/Documents/EE109/Final Project Files/nios_system/synthesis/submodules/altera_tse_a_fifo_13.v" is an OpenCore Plus time-limited file
Error (204012): Can't generate netlist output files because the file "C:/Users/nipuna1/Documents/EE109/Final Project Files/nios_system/synthesis/submodules/altera_tse_mac_rx.v" is an OpenCore Plus time-limited file
Error (204012): Can't generate netlist output files because the file "C:/Users/nipuna1/Documents/EE109/Final Project Files/nios_system/synthesis/submodules/altera_tse_altsyncram_dpm_fifo.v" is an OpenCore Plus time-limited file
Error (204012): Can't generate netlist output files because the file "C:/Users/nipuna1/Documents/EE109/Final Project Files/nios_system/synthesis/submodules/altera_tse_mii_rx_if.v" is an OpenCore Plus time-limited file
Error (204009): Can't generate netlist output files because the license for encrypted file "C:/Users/nipuna1/Documents/EE109/Final Project Files/nios_system/synthesis/submodules/altera_tse_rx_min_ff.v" is not available
Error (204009): Can't generate netlist output files because the license for encrypted file "C:/Users/nipuna1/Documents/EE109/Final Project Files/nios_system/synthesis/submodules/altera_tse_clk_cntl.v" is not available
Error (204009): Can't generate netlist output files because the license for encrypted file "C:/Users/nipuna1/Documents/EE109/Final Project Files/nios_system/synthesis/submodules/altera_tse_host_control.v" is not available
Error (204009): Can't generate netlist output files because the license for encrypted file "C:/Users/nipuna1/Documents/EE109/Final Project Files/nios_system/synthesis/submodules/altera_tse_tx_counter_cntl.v" is not available
Error (204009): Can't generate netlist output files because the license for encrypted file "C:/Users/nipuna1/Documents/EE109/Final Project Files/nios_system/synthesis/submodules/altera_tse_a_fifo_opt_1246.v" is not available
Error (204009): Can't generate netlist output files because the license for encrypted file "C:/Users/nipuna1/Documents/EE109/Final Project Files/nios_system/synthesis/submodules/altera_tse_tx_min_ff.v" is not available
Error (204009): Can't generate netlist output files because the license for encrypted file "C:/Users/nipuna1/Documents/EE109/Final Project Files/nios_system/synthesis/submodules/altera_tse_crc32ctl8.v" is not available
Error (204009): Can't generate netlist output files because the license for encrypted file "C:/Users/nipuna1/Documents/EE109/Final Project Files/nios_system/synthesis/submodules/altera_tse_register_map.v" is not available
Error (204009): Can't generate netlist output files because the license for encrypted file "C:/Users/nipuna1/Documents/EE109/Final Project Files/nios_system/synthesis/submodules/altera_tse_altshifttaps.v" is not available
Error (204009): Can't generate netlist output files because the license for encrypted file "C:/Users/nipuna1/Documents/EE109/Final Project Files/nios_system/synthesis/submodules/altera_tse_gray_cnt.v" is not available
Error (204009): Can't generate netlist output files because the license for encrypted file "C:/Users/nipuna1/Documents/EE109/Final Project Files/nios_system/synthesis/submodules/altera_tse_mdio_cntl.v" is not available
Error (204009): Can't generate netlist output files because the license for encrypted file "C:/Users/nipuna1/Documents/EE109/Final Project Files/nios_system/synthesis/submodules/altera_tse_bin_cnt.v" is not available
Error (204009): Can't generate netlist output files because the license for encrypted file "C:/Users/nipuna1/Documents/EE109/Final Project Files/nios_system/synthesis/submodules/altera_tse_mii_tx_if.v" is not available
Error (204009): Can't generate netlist output files because the license for encrypted file "C:/Users/nipuna1/Documents/EE109/Final Project Files/nios_system/synthesis/submodules/altera_tse_retransmit_cntl.v" is not available
Error (204009): Can't generate netlist output files because the license for encrypted file "C:/Users/nipuna1/Documents/EE109/Final Project Files/nios_system/synthesis/submodules/altera_tse_crc328checker.v" is not available
Error (204009): Can't generate netlist output files because the license for encrypted file "C:/Users/nipuna1/Documents/EE109/Final Project Files/nios_system/synthesis/submodules/altera_tse_tx_stat_extract.v" is not available
Error (204009): Can't generate netlist output files because the license for encrypted file "C:/Users/nipuna1/Documents/EE109/Final Project Files/nios_system/synthesis/submodules/altera_tse_lfsr_10.v" is not available
Error (204009): Can't generate netlist output files because the license for encrypted file "C:/Users/nipuna1/Documents/EE109/Final Project Files/nios_system/synthesis/submodules/altera_tse_mdio.v" is not available
Error (204009): Can't generate netlist output files because the license for encrypted file "C:/Users/nipuna1/Documents/EE109/Final Project Files/nios_system/synthesis/submodules/altera_tse_dpram_16x32.v" is not available
Error (204009): Can't generate netlist output files because the license for encrypted file "C:/Users/nipuna1/Documents/EE109/Final Project Files/nios_system/synthesis/submodules/altera_tse_top_w_fifo.v" is not available
Error (204009): Can't generate netlist output files because the license for encrypted file "C:/Users/nipuna1/Documents/EE109/Final Project Files/nios_system/synthesis/submodules/altera_tse_crc32galois8.v" is not available
Error (204009): Can't generate netlist output files because the license for encrypted file "C:/Users/nipuna1/Documents/EE109/Final Project Files/nios_system/synthesis/submodules/altera_tse_clock_crosser.v" is not available
Error (204009): Can't generate netlist output files because the license for encrypted file "C:/Users/nipuna1/Documents/EE109/Final Project Files/nios_system/synthesis/submodules/altera_tse_top_mdio.v" is not available
Error (204009): Can't generate netlist output files because the license for encrypted file "C:/Users/nipuna1/Documents/EE109/Final Project Files/nios_system/synthesis/submodules/altera_eth_tse_mac.v" is not available
Error (204009): Can't generate netlist output files because the license for encrypted file "C:/Users/nipuna1/Documents/EE109/Final Project Files/nios_system/synthesis/submodules/altera_tse_a_fifo_34.v" is not available
Error (204009): Can't generate netlist output files because the license for encrypted file "C:/Users/nipuna1/Documents/EE109/Final Project Files/nios_system/synthesis/submodules/altera_tse_mac_tx.v" is not available
Error (204009): Can't generate netlist output files because the license for encrypted file "C:/Users/nipuna1/Documents/EE109/Final Project Files/nios_system/synthesis/submodules/altera_tse_top_1geth.v" is not available
Error (204009): Can't generate netlist output files because the license for encrypted file "C:/Users/nipuna1/Documents/EE109/Final Project Files/nios_system/synthesis/submodules/altera_tse_crc328generator.v" is not available
Error (204009): Can't generate netlist output files because the license for encrypted file "C:/Users/nipuna1/Documents/EE109/Final Project Files/nios_system/synthesis/submodules/altera_tse_mac_control.v" is not available
Error (204009): Can't generate netlist output files because the license for encrypted file "C:/Users/nipuna1/Documents/EE109/Final Project Files/nios_system/synthesis/submodules/altera_tse_mdio_clk_gen.v" is not available
Error (204009): Can't generate netlist output files because the license for encrypted file "C:/Users/nipuna1/Documents/EE109/Final Project Files/nios_system/synthesis/submodules/altera_tse_dpram_8x32.v" is not available
Error (204009): Can't generate netlist output files because the license for encrypted file "C:/Users/nipuna1/Documents/EE109/Final Project Files/nios_system/synthesis/submodules/altera_tse_rx_stat_extract.v" is not available
Error (204009): Can't generate netlist output files because the license for encrypted file "C:/Users/nipuna1/Documents/EE109/Final Project Files/nios_system/synthesis/submodules/altera_tse_top_w_fifo_10_100_1000.v" is not available
Error (204009): Can't generate netlist output files because the license for encrypted file "C:/Users/nipuna1/Documents/EE109/Final Project Files/nios_system/synthesis/submodules/altera_tse_gmii_io.v" is not available
Error (204009): Can't generate netlist output files because the license for encrypted file "C:/Users/nipuna1/Documents/EE109/Final Project Files/nios_system/synthesis/submodules/altera_tse_rx_counter_cntl.v" is not available
Error (204009): Can't generate netlist output files because the license for encrypted file "C:/Users/nipuna1/Documents/EE109/Final Project Files/nios_system/synthesis/submodules/altera_tse_a_fifo_13.v" is not available
Error (204009): Can't generate netlist output files because the license for encrypted file "C:/Users/nipuna1/Documents/EE109/Final Project Files/nios_system/synthesis/submodules/altera_tse_mac_rx.v" is not available
Error (204009): Can't generate netlist output files because the license for encrypted file "C:/Users/nipuna1/Documents/EE109/Final Project Files/nios_system/synthesis/submodules/altera_tse_altsyncram_dpm_fifo.v" is not available
Error (204009): Can't generate netlist output files because the license for encrypted file "C:/Users/nipuna1/Documents/EE109/Final Project Files/nios_system/synthesis/submodules/altera_tse_mii_rx_if.v" is not available
Error: Quartus II 32-bit EDA Netlist Writer was unsuccessful. 234 errors, 0 warnings
    Error: Peak virtual memory: 457 megabytes
    Error: Processing ended: Sun May 24 23:32:56 2015
    Error: Elapsed time: 00:00:05
    Error: Total CPU time (on all processors): 00:00:04


